2K performance run parameters for coremark.
CoreMark Size    : 666
Total ticks      : 31094
Total time (secs): 31.094000
Iterations/Sec   : 141506.399949
Iterations       : 4400000
Compiler version : GCC10.5.0
Compiler flags   : -O2 -DMULTITHREAD=4 -DUSE_PTHREAD -DHAS_FLOAT -DUSE_FLOAT -DPERFORMANCE_RUN=1  -pthread -lm
Parallel PThreads : 4
Memory location  : Please put data memory location here
			(e.g. code in flash, data on heap etc)
seedcrc          : 0xe9f5
[0]crclist       : 0xe714
[1]crclist       : 0xe714
[2]crclist       : 0xe714
[3]crclist       : 0xe714
[0]crcmatrix     : 0x1fd7
[1]crcmatrix     : 0x1fd7
[2]crcmatrix     : 0x1fd7
[3]crcmatrix     : 0x1fd7
[0]crcstate      : 0x8e3a
[1]crcstate      : 0x8e3a
[2]crcstate      : 0x8e3a
[3]crcstate      : 0x8e3a
[0]crcfinal      : 0x33ff
[1]crcfinal      : 0x33ff
[2]crcfinal      : 0x33ff
[3]crcfinal      : 0x33ff
Correct operation validated. See README.md for run and reporting rules.
CoreMark 1.0 : 141506.399949 / GCC10.5.0 -O2 -DMULTITHREAD=4 -DUSE_PTHREAD -DHAS_FLOAT -DUSE_FLOAT -DPERFORMANCE_RUN=1  -pthread -lm / Heap / 4:PThreads
