2K validation run parameters for coremark.
CoreMark Size    : 666
Total ticks      : 16941
Total time (secs): 16.941000
Iterations/Sec   : 141668.142376
Iterations       : 2400000
Compiler version : GCC10.5.0
Compiler flags   : -O2 -DMULTITHREAD=4 -DUSE_PTHREAD -DHAS_FLOAT -DUSE_FLOAT -DVALIDATION_RUN=1  -pthread -lm
Parallel PThreads : 4
Memory location  : Please put data memory location here
			(e.g. code in flash, data on heap etc)
seedcrc          : 0x18f2
[0]crclist       : 0xe3c1
[1]crclist       : 0xe3c1
[2]crclist       : 0xe3c1
[3]crclist       : 0xe3c1
[0]crcmatrix     : 0x0747
[1]crcmatrix     : 0x0747
[2]crcmatrix     : 0x0747
[3]crcmatrix     : 0x0747
[0]crcstate      : 0x8d84
[1]crcstate      : 0x8d84
[2]crcstate      : 0x8d84
[3]crcstate      : 0x8d84
[0]crcfinal      : 0x9c0f
[1]crcfinal      : 0x9c0f
[2]crcfinal      : 0x9c0f
[3]crcfinal      : 0x9c0f
Correct operation validated. See README.md for run and reporting rules.
